AndroidStudioProjects/Sample-App---Android-master/app/build/outputs/logs/manifest-merger-debug-report.txt
-- Merging decision tree log ---
manifest
ADDED from src\main\AndroidManifest.xml:1:1-193:12
	package
		ADDED from src\main\AndroidManifest.xml:2:5-30
		INJECTED from src\main\AndroidManifest.xml
		INJECTED from src\main\AndroidManifest.xml
	android:versionName
		ADDED from src\main\AndroidManifest.xml:4:5-30
		INJECTED from src\main\AndroidManifest.xml
		INJECTED from src\main\AndroidManifest.xml
	android:versionCode
		ADDED from src\main\AndroidManifest.xml:3:5-28
		INJECTED from src\main\AndroidManifest.xml
		INJECTED from src\main\AndroidManifest.xml
	xmlns:android
		ADDED from src\main\AndroidManifest.xml:1:11-69
uses-sdk
ADDED from src\main\AndroidManifest.xml:6:5-8:41
MERGED from [com.android.support:support-v4:23.1.1] AndroidManifest.xml:20:5-43
	android:targetSdkVersion
		ADDED from src\main\AndroidManifest.xml:8:9-38
		INJECTED from src\main\AndroidManifest.xml
		INJECTED from src\main\AndroidManifest.xml
	android:minSdkVersion
		ADDED from src\main\AndroidManifest.xml:7:9-35
		INJECTED from src\main\AndroidManifest.xml
		INJECTED from src\main\AndroidManifest.xml
uses-permission#android.permission.WRITE_INTERNAL_STORAGE
ADDED from src\main\AndroidManifest.xml:11:5-81
	android:name
		ADDED from src\main\AndroidManifest.xml:11:22-78
uses-permission#android.permiss.NETWORK_STATE
ADDED from src\main\AndroidManifest.xml:12:5-68
	android:name
		ADDED from src\main\AndroidManifest.xml:12:22-66
uses-permission#android.permission.INTERNET
ADDED from src\main\AndroidManifest.xml:13:5-67
	android:name
		ADDED from src\main\AndroidManifest.xml:13:22-64
uses-permission#com.android.vending.BILLING
ADDED from src\main\AndroidManifest.xml:15:5-67
	android:name
		ADDED from src\main\AndroidManifest.xml:15:22-64
uses-permission#android.permission.READ_PHONE_STATE
ADDED from src\main\AndroidManifest.xml:18:5-75
	android:name
		ADDED from src\main\AndroidManifest.xml:18:22-72
uses-permission#android.permission.ACCESS_WIFI_STATE
ADDED from src\main\AndroidManifest.xml:19:5-76
	android:name
		ADDED from src\main\AndroidManifest.xml:19:22-73
uses-permission#android.permission.RECORD_AUDIO
ADDED from src\main\AndroidManifest.xml:23:2-68
	android:name
		ADDED from src\main\AndroidManifest.xml:23:19-65
uses-permission#android.permission.WRITE_EXTERNAL_STORAGE
ADDED from src\main\AndroidManifest.xml:24:2-78
	android:name
		ADDED from src\main\AndroidManifest.xml:24:19-75
uses-permission#android.permission.ACCESS_NETWORK_STATE
ADDED from src\main\AndroidManifest.xml:25:2-76
	android:name
		ADDED from src\main\AndroidManifest.xml:25:19-73
uses-feature#android.hardware.microphone
ADDED from src\main\AndroidManifest.xml:26:2-86
	android:required
		ADDED from src\main\AndroidManifest.xml:26:59-83
	android:name
		ADDED from src\main\AndroidManifest.xml:26:16-58
uses-permission#android.permission.ACCESS_GPS
ADDED from src\main\AndroidManifest.xml:29:5-69
	android:name
		ADDED from src\main\AndroidManifest.xml:29:22-66
uses-permission#android.permission.ACCESS_ASSISTED_GPS
ADDED from src\main\AndroidManifest.xml:30:2-75
	android:name
		ADDED from src\main\AndroidManifest.xml:30:19-72
uses-permission#android.permission.ACCESS_LOCATION
ADDED from src\main\AndroidManifest.xml:31:2-71
	android:name
		ADDED from src\main\AndroidManifest.xml:31:19-68
uses-permission#android.permission.ACCESS_COARSE_LOCATION
ADDED from src\main\AndroidManifest.xml:32:2-77
	android:name
		ADDED from src\main\AndroidManifest.xml:32:19-75
uses-permission#android.permission.ACCESS_FINE_LOCATION
ADDED from src\main\AndroidManifest.xml:33:2-75
	android:name
		ADDED from src\main\AndroidManifest.xml:33:19-73
permission#com.appvilleegg.permission.C2D_MESSAGE
ADDED from src\main\AndroidManifest.xml:37:2-106
	android:protectionLevel
		ADDED from src\main\AndroidManifest.xml:37:68-103
	android:name
		ADDED from src\main\AndroidManifest.xml:37:14-67
uses-permission#com.appvilleegg.permission.C2D_MESSAGE
ADDED from src\main\AndroidManifest.xml:38:2-75
	android:name
		ADDED from src\main\AndroidManifest.xml:38:19-72
uses-permission#com.google.android.c2dm.permission.RECEIVE
ADDED from src\main\AndroidManifest.xml:43:2-79
	android:name
		ADDED from src\main\AndroidManifest.xml:43:19-76
uses-permission#android.permission.GET_ACCOUNTS
ADDED from src\main\AndroidManifest.xml:47:2-68
	android:name
		ADDED from src\main\AndroidManifest.xml:47:19-65
uses-permission#android.permission.WAKE_LOCK
ADDED from src\main\AndroidManifest.xml:49:2-65
	android:name
		ADDED from src\main\AndroidManifest.xml:49:19-62
uses-permission#android.permission.VIBRATE
ADDED from src\main\AndroidManifest.xml:50:2-63
	android:name
		ADDED from src\main\AndroidManifest.xml:50:19-60
uses-permission#com.android.launcher.permission.INSTALL_SHORTCUT
ADDED from src\main\AndroidManifest.xml:53:2-85
	android:name
		ADDED from src\main\AndroidManifest.xml:53:19-82
application
ADDED from src\main\AndroidManifest.xml:56:5-191:19
MERGED from [com.android.support:support-v4:23.1.1] AndroidManifest.xml:22:5-20
	android:label
		ADDED from src\main\AndroidManifest.xml:58:9-41
	android:icon
		ADDED from src\main\AndroidManifest.xml:57:9-45
	android:theme
		ADDED from src\main\AndroidManifest.xml:60:9-79
receiver#com.applicasa.ApplicasaManager.LiGCMReceiver
ADDED from src\main\AndroidManifest.xml:65:7-74:18
	android:permission
		ADDED from src\main\AndroidManifest.xml:66:12-72
	android:name
		ADDED from src\main\AndroidManifest.xml:65:17-76
intent-filter#com.appvilleegg+com.google.android.c2dm.intent.RECEIVE+com.google.android.c2dm.intent.REGISTRATION
ADDED from src\main\AndroidManifest.xml:68:11-73:27
action#com.google.android.c2dm.intent.RECEIVE
ADDED from src\main\AndroidManifest.xml:69:15-79
	android:name
		ADDED from src\main\AndroidManifest.xml:69:23-76
action#com.google.android.c2dm.intent.REGISTRATION
ADDED from src\main\AndroidManifest.xml:71:15-84
	android:name
		ADDED from src\main\AndroidManifest.xml:71:23-81
category#com.appvilleegg
ADDED from src\main\AndroidManifest.xml:72:15-58
	android:name
		ADDED from src\main\AndroidManifest.xml:72:25-55
service#applicasa.LiCore.Push.LiPushIntentService
ADDED from src\main\AndroidManifest.xml:75:7-75
	android:name
		ADDED from src\main\AndroidManifest.xml:75:16-72
service#org.openudid.OpenUDID_service
ADDED from src\main\AndroidManifest.xml:78:6-82:12
	android:name
		ADDED from src\main\AndroidManifest.xml:78:15-59
intent-filter#org.openudid.GETUDID
ADDED from src\main\AndroidManifest.xml:79:3-81:18
action#org.openudid.GETUDID
ADDED from src\main\AndroidManifest.xml:80:3-49
	android:name
		ADDED from src\main\AndroidManifest.xml:80:11-46
receiver#applicasa.LiCore.LiCoreManager
ADDED from src\main\AndroidManifest.xml:84:8-88:16
	android:name
		ADDED from src\main\AndroidManifest.xml:84:18-63
intent-filter#android.net.conn.CONNECTIVITY_CHANGE
ADDED from src\main\AndroidManifest.xml:85:6-87:23
action#android.net.conn.CONNECTIVITY_CHANGE
ADDED from src\main\AndroidManifest.xml:86:5-66
	android:name
		ADDED from src\main\AndroidManifest.xml:86:13-64
activity#com.example.appvilleegg
ADDED from src\main\AndroidManifest.xml:91:8-94:20
	android:screenOrientation
		ADDED from src\main\AndroidManifest.xml:92:17-53
	android:theme
		ADDED from src\main\AndroidManifest.xml:93:17-75
	android:name
		ADDED from src\main\AndroidManifest.xml:91:18-56
activity#com.millennialmedia.android.MMActivity
ADDED from src\main\AndroidManifest.xml:98:9-102:20
	android:configChanges
		ADDED from src\main\AndroidManifest.xml:100:13-72
	android:theme
		ADDED from src\main\AndroidManifest.xml:101:13-72
	android:name
		ADDED from src\main\AndroidManifest.xml:99:13-66
activity#com.applicasa.MMedia.LiMMediaActivity
ADDED from src\main\AndroidManifest.xml:103:12-107:15
	android:configChanges
		ADDED from src\main\AndroidManifest.xml:105:13-72
	android:theme
		ADDED from src\main\AndroidManifest.xml:106:13-72
	android:name
		ADDED from src\main\AndroidManifest.xml:104:13-65
activity#com.sponsorpay.sdk.android.publisher.OfferWallActivity
ADDED from src\main\AndroidManifest.xml:110:13-131
	android:configChanges
		ADDED from src\main\AndroidManifest.xml:110:93-128
	android:name
		ADDED from src\main\AndroidManifest.xml:110:23-92
activity#com.sponsorpay.sdk.android.publisher.mbe.SPBrandEngageActivity
ADDED from src\main\AndroidManifest.xml:111:14-140
	android:configChanges
		ADDED from src\main\AndroidManifest.xml:111:102-137
	android:name
		ADDED from src\main\AndroidManifest.xml:111:24-101
activity#com.applicasa.SponsorPay.LiSponsorPayActivity
ADDED from src\main\AndroidManifest.xml:112:12-116:15
	android:configChanges
		ADDED from src\main\AndroidManifest.xml:114:13-72
	android:theme
		ADDED from src\main\AndroidManifest.xml:115:13-72
	android:name
		ADDED from src\main\AndroidManifest.xml:113:13-73
activity#com.supersonicads.sdk.android.WebViewActivity
ADDED from src\main\AndroidManifest.xml:119:9-123:14
	android:hardwareAccelerated
		ADDED from src\main\AndroidManifest.xml:122:4-38
	android:configChanges
		ADDED from src\main\AndroidManifest.xml:121:4-50
	android:name
		ADDED from src\main\AndroidManifest.xml:120:4-64
activity#com.example.appvilleegg.sampleApp.FriendsListActivity
ADDED from src\main\AndroidManifest.xml:125:6-127:81
	android:screenOrientation
		ADDED from src\main\AndroidManifest.xml:126:9-45
	android:theme
		ADDED from src\main\AndroidManifest.xml:127:9-67
	android:name
		ADDED from src\main\AndroidManifest.xml:125:16-84
activity#com.example.appvilleegg.main.MainActivity
ADDED from src\main\AndroidManifest.xml:130:9-141:20
	android:screenOrientation
		ADDED from src\main\AndroidManifest.xml:131:13-49
	android:theme
		ADDED from src\main\AndroidManifest.xml:132:14-72
	android:name
		ADDED from src\main\AndroidManifest.xml:130:19-75
intent-filter#android.intent.action.MAIN+android.intent.category.LAUNCHER
ADDED from src\main\AndroidManifest.xml:134:13-140:29
action#android.intent.action.MAIN
ADDED from src\main\AndroidManifest.xml:135:17-137:24
	android:name
		ADDED from src\main\AndroidManifest.xml:136:21-62
category#android.intent.category.LAUNCHER
ADDED from src\main\AndroidManifest.xml:139:17-77
	android:name
		ADDED from src\main\AndroidManifest.xml:139:27-74
activity#com.example.appvilleegg.sampleApp.DynamicListActivity
ADDED from src\main\AndroidManifest.xml:143:10-146:20
	android:screenOrientation
		ADDED from src\main\AndroidManifest.xml:144:14-50
	android:theme
		ADDED from src\main\AndroidManifest.xml:145:14-72
	android:name
		ADDED from src\main\AndroidManifest.xml:143:20-88
activity#com.applicasa.ApplicasaManager.LiGCMActivity
ADDED from src\main\AndroidManifest.xml:148:10-151:20
	android:screenOrientation
		ADDED from src\main\AndroidManifest.xml:149:14-50
	android:theme
		ADDED from src\main\AndroidManifest.xml:150:14-72
	android:name
		ADDED from src\main\AndroidManifest.xml:148:20-79
activity#com.example.appvilleegg.sampleApp.RegisterActivity
ADDED from src\main\AndroidManifest.xml:153:10-156:20
	android:screenOrientation
		ADDED from src\main\AndroidManifest.xml:154:14-50
	android:theme
		ADDED from src\main\AndroidManifest.xml:155:14-72
	android:name
		ADDED from src\main\AndroidManifest.xml:153:20-85
activity#com.example.appvilleegg.sampleApp.UsersRadiusListActivity
ADDED from src\main\AndroidManifest.xml:158:10-161:20
	android:screenOrientation
		ADDED from src\main\AndroidManifest.xml:159:14-50
	android:theme
		ADDED from src\main\AndroidManifest.xml:160:14-72
	android:name
		ADDED from src\main\AndroidManifest.xml:158:20-92
activity#com.example.appvilleegg.main.GameActivity
ADDED from src\main\AndroidManifest.xml:164:10-167:20
	android:screenOrientation
		ADDED from src\main\AndroidManifest.xml:165:14-50
	android:theme
		ADDED from src\main\AndroidManifest.xml:166:14-72
	android:name
		ADDED from src\main\AndroidManifest.xml:164:20-76
activity#com.example.appvilleegg.sampleApp.LoginActivity
ADDED from src\main\AndroidManifest.xml:169:10-172:20
	android:screenOrientation
		ADDED from src\main\AndroidManifest.xml:170:14-50
	android:theme
		ADDED from src\main\AndroidManifest.xml:171:14-72
	android:name
		ADDED from src\main\AndroidManifest.xml:169:20-82
activity#com.example.appvilleegg.sampleApp.TabsFragmentActivity
ADDED from src\main\AndroidManifest.xml:174:10-176:77
	android:screenOrientation
		ADDED from src\main\AndroidManifest.xml:175:16-52
	android:theme
		ADDED from src\main\AndroidManifest.xml:176:17-75
	android:name
		ADDED from src\main\AndroidManifest.xml:174:20-89
activity#com.facebook.LoginActivity
ADDED from src\main\AndroidManifest.xml:178:12-179:54
	android:label
		ADDED from src\main\AndroidManifest.xml:179:19-51
	android:name
		ADDED from src\main\AndroidManifest.xml:178:22-63
activity#com.example.appvilleegg.sampleApp.ChatActivity
ADDED from src\main\AndroidManifest.xml:181:12-185:20
	android:screenOrientation
		ADDED from src\main\AndroidManifest.xml:182:14-50
	android:windowSoftInputMode
		ADDED from src\main\AndroidManifest.xml:183:14-53
	android:theme
		ADDED from src\main\AndroidManifest.xml:184:14-72
	android:name
		ADDED from src\main\AndroidManifest.xml:181:22-83
meta-data#com.facebook.sdk.ApplicationId
ADDED from src\main\AndroidManifest.xml:187:13-189:53
	android:value
		ADDED from src\main\AndroidManifest.xml:189:13-50
	android:name
		ADDED from src\main\AndroidManifest.xml:188:13-58